# JRE version: OpenJDK Runtime Environment Microsoft-8035246 (17.0.8+7) (build 17.0.8+7-LTS)
# Java VM: OpenJDK 64-Bit Server VM Microsoft-8035246 (17.0.8+7-LTS, mixed mode, sharing, tiered, compressed oops, compressed class ptrs, g1 gc, windows-amd64)
GC Precious Log:
 CPUs: 4 total, 4 available
 Memory: 8107M
 Large Page Support: Disabled
 NUMA Support: Disabled
 Compressed Oops: Enabled (32-bit)
 Heap Region Size: 1M
 Heap Min Capacity: 8M
 Heap Initial Capacity: 128M
 Heap Max Capacity: 2G
 Pre-touch: Disabled
 Parallel Workers: 4
 Concurrent Workers: 1
 Concurrent Refinement Workers: 4
 Periodic GC: Disabled
Heap:
 garbage-first heap   total 313344K, used 249822K [0x0000000080000000, 0x0000000100000000)
  region size 1024K, 29 young (29696K), 4 survivors (4096K)
 Metaspace       used 104703K, committed 106048K, reserved 557056K
  class space    used 14629K, committed 15232K, reserved 425984K
GC Heap History (20 events):
Event: 128.614 GC heap before
{Heap before GC invocations=44 (full 0):
 garbage-first heap   total 261120K, used 213404K [0x0000000080000000, 0x0000000100000000)
  region size 1024K, 61 young (62464K), 9 survivors (9216K)
 Metaspace       used 95867K, committed 97024K, reserved 557056K
  class space    used 13520K, committed 14080K, reserved 425984K
}
Event: 128.645 GC heap after
{Heap after GC invocations=45 (full 0):
 garbage-first heap   total 261120K, used 171370K [0x0000000080000000, 0x0000000100000000)
  region size 1024K, 8 young (8192K), 8 survivors (8192K)
 Metaspace       used 95867K, committed 97024K, reserved 557056K
  class space    used 13520K, committed 14080K, reserved 425984K
}
Event: 130.103 GC heap before
{Heap before GC invocations=45 (full 0):
 garbage-first heap   total 261120K, used 212330K [0x0000000080000000, 0x0000000100000000)
  region size 1024K, 49 young (50176K), 8 survivors (8192K)
 Metaspace       used 97525K, committed 98688K, reserved 557056K
  class space    used 13691K, committed 14208K, reserved 425984K
}
Event: 130.129 GC heap after
{Heap after GC invocations=46 (full 0):
 garbage-first heap   total 261120K, used 179712K [0x0000000080000000, 0x0000000100000000)
  region size 1024K, 7 young (7168K), 7 survivors (7168K)
 Metaspace       used 97525K, committed 98688K, reserved 557056K
  class space    used 13691K, committed 14208K, reserved 425984K
}
Event: 131.025 GC heap before
{Heap before GC invocations=46 (full 0):
 garbage-first heap   total 261120K, used 217600K [0x0000000080000000, 0x0000000100000000)
  region size 1024K, 42 young (43008K), 7 survivors (7168K)
 Metaspace       used 98200K, committed 99392K, reserved 557056K
  class space    used 13786K, committed 14336K, reserved 425984K
}
Event: 131.051 GC heap after
{Heap after GC invocations=47 (full 0):
 garbage-first heap   total 261120K, used 189850K [0x0000000080000000, 0x0000000100000000)
  region size 1024K, 6 young (6144K), 6 survivors (6144K)
 Metaspace       used 98200K, committed 99392K, reserved 557056K
  class space    used 13786K, committed 14336K, reserved 425984K
}
Event: 131.691 GC heap before
{Heap before GC invocations=47 (full 0):
 garbage-first heap   total 261120K, used 218522K [0x0000000080000000, 0x0000000100000000)
  region size 1024K, 34 young (34816K), 6 survivors (6144K)
 Metaspace       used 98997K, committed 100224K, reserved 557056K
  class space    used 13887K, committed 14400K, reserved 425984K
}
Event: 131.715 GC heap after
{Heap after GC invocations=48 (full 0):
 garbage-first heap   total 313344K, used 194514K [0x0000000080000000, 0x0000000100000000)
  region size 1024K, 5 young (5120K), 5 survivors (5120K)
 Metaspace       used 98997K, committed 100224K, reserved 557056K
  class space    used 13887K, committed 14400K, reserved 425984K
}
Event: 133.730 GC heap before
{Heap before GC invocations=48 (full 0):
 garbage-first heap   total 313344K, used 248786K [0x0000000080000000, 0x0000000100000000)
  region size 1024K, 58 young (59392K), 5 survivors (5120K)
 Metaspace       used 102536K, committed 103808K, reserved 557056K
  class space    used 14398K, committed 14976K, reserved 425984K
}
Event: 133.756 GC heap after
{Heap after GC invocations=49 (full 0):
 garbage-first heap   total 313344K, used 199906K [0x0000000080000000, 0x0000000100000000)
  region size 1024K, 6 young (6144K), 6 survivors (6144K)
 Metaspace       used 102536K, committed 103808K, reserved 557056K
  class space    used 14398K, committed 14976K, reserved 425984K
}
Event: 135.123 GC heap before
{Heap before GC invocations=49 (full 0):
 garbage-first heap   total 313344K, used 253154K [0x0000000080000000, 0x0000000100000000)
  region size 1024K, 58 young (59392K), 6 survivors (6144K)
 Metaspace       used 103287K, committed 104512K, reserved 557056K
  class space    used 14465K, committed 15040K, reserved 425984K
}
Event: 135.146 GC heap after
{Heap after GC invocations=50 (full 0):
 garbage-first heap   total 313344K, used 206560K [0x0000000080000000, 0x0000000100000000)
  region size 1024K, 7 young (7168K), 7 survivors (7168K)
 Metaspace       used 103287K, committed 104512K, reserved 557056K
  class space    used 14465K, committed 15040K, reserved 425984K
}
Event: 136.289 GC heap before
{Heap before GC invocations=50 (full 0):
 garbage-first heap   total 313344K, used 256736K [0x0000000080000000, 0x0000000100000000)
  region size 1024K, 56 young (57344K), 7 survivors (7168K)
 Metaspace       used 103609K, committed 104960K, reserved 557056K
  class space    used 14486K, committed 15104K, reserved 425984K
}
Event: 136.312 GC heap after
{Heap after GC invocations=51 (full 0):
 garbage-first heap   total 313344K, used 211968K [0x0000000080000000, 0x0000000100000000)
  region size 1024K, 6 young (6144K), 6 survivors (6144K)
 Metaspace       used 103609K, committed 104960K, reserved 557056K
  class space    used 14486K, committed 15104K, reserved 425984K
}
Event: 139.061 GC heap before
{Heap before GC invocations=51 (full 0):
 garbage-first heap   total 313344K, used 259072K [0x0000000080000000, 0x0000000100000000)
  region size 1024K, 53 young (54272K), 6 survivors (6144K)
 Metaspace       used 104361K, committed 105728K, reserved 557056K
  class space    used 14579K, committed 15168K, reserved 425984K
}
Event: 139.082 GC heap after
{Heap after GC invocations=52 (full 0):
 garbage-first heap   total 313344K, used 216638K [0x0000000080000000, 0x0000000100000000)
  region size 1024K, 5 young (5120K), 5 survivors (5120K)
 Metaspace       used 104361K, committed 105728K, reserved 557056K
  class space    used 14579K, committed 15168K, reserved 425984K
}
Event: 140.214 GC heap before
{Heap before GC invocations=52 (full 0):
 garbage-first heap   total 313344K, used 261694K [0x0000000080000000, 0x0000000100000000)
  region size 1024K, 50 young (51200K), 5 survivors (5120K)
 Metaspace       used 104695K, committed 106048K, reserved 557056K
  class space    used 14628K, committed 15232K, reserved 425984K
}
Event: 140.243 GC heap after
{Heap after GC invocations=53 (full 0):
 garbage-first heap   total 313344K, used 222477K [0x0000000080000000, 0x0000000100000000)
  region size 1024K, 7 young (7168K), 7 survivors (7168K)
 Metaspace       used 104695K, committed 106048K, reserved 557056K
  class space    used 14628K, committed 15232K, reserved 425984K
}
Event: 141.730 GC heap before
{Heap before GC invocations=53 (full 0):
 garbage-first heap   total 313344K, used 263437K [0x0000000080000000, 0x0000000100000000)
  region size 1024K, 47 young (48128K), 7 survivors (7168K)
 Metaspace       used 104701K, committed 106048K, reserved 557056K
  class space    used 14629K, committed 15232K, reserved 425984K
}
Event: 141.742 GC heap after
{Heap after GC invocations=54 (full 0):
 garbage-first heap   total 313344K, used 225246K [0x0000000080000000, 0x0000000100000000)
  region size 1024K, 4 young (4096K), 4 survivors (4096K)
 Metaspace       used 104701K, committed 106048K, reserved 557056K
  class space    used 14629K, committed 15232K, reserved 425984K
}

