# JRE version: OpenJDK Runtime Environment Microsoft-8035246 (17.0.8+7) (build 17.0.8+7-LTS)
# Java VM: OpenJDK 64-Bit Server VM Microsoft-8035246 (17.0.8+7-LTS, mixed mode, sharing, tiered, compressed oops, compressed class ptrs, g1 gc, windows-amd64)
GC Precious Log:
 CPUs: 4 total, 4 available
 Memory: 8107M
 Large Page Support: Disabled
 NUMA Support: Disabled
 Compressed Oops: Enabled (32-bit)
 Heap Region Size: 1M
 Heap Min Capacity: 8M
 Heap Initial Capacity: 128M
 Heap Max Capacity: 2G
 Pre-touch: Disabled
 Parallel Workers: 4
 Concurrent Workers: 1
 Concurrent Refinement Workers: 4
 Periodic GC: Disabled
Heap:
 garbage-first heap   total 449536K, used 271976K [0x0000000080000000, 0x0000000100000000)
  region size 1024K, 39 young (39936K), 2 survivors (2048K)
 Metaspace       used 110569K, committed 111872K, reserved 557056K
  class space    used 15327K, committed 15936K, reserved 425984K
GC Heap History (20 events):
Event: 505.790 GC heap before
{Heap before GC invocations=80 (full 0):
 garbage-first heap   total 272384K, used 235638K [0x0000000080000000, 0x0000000100000000)
  region size 1024K, 18 young (18432K), 3 survivors (3072K)
 Metaspace       used 109972K, committed 111296K, reserved 557056K
  class space    used 15271K, committed 15872K, reserved 425984K
}
Event: 505.804 GC heap after
{Heap after GC invocations=81 (full 0):
 garbage-first heap   total 272384K, used 223443K [0x0000000080000000, 0x0000000100000000)
  region size 1024K, 3 young (3072K), 3 survivors (3072K)
 Metaspace       used 109972K, committed 111296K, reserved 557056K
  class space    used 15271K, committed 15872K, reserved 425984K
}
Event: 506.516 GC heap before
{Heap before GC invocations=81 (full 0):
 garbage-first heap   total 272384K, used 236755K [0x0000000080000000, 0x0000000100000000)
  region size 1024K, 17 young (17408K), 3 survivors (3072K)
 Metaspace       used 110120K, committed 111424K, reserved 557056K
  class space    used 15278K, committed 15872K, reserved 425984K
}
Event: 506.525 GC heap after
{Heap after GC invocations=82 (full 0):
 garbage-first heap   total 272384K, used 224669K [0x0000000080000000, 0x0000000100000000)
  region size 1024K, 2 young (2048K), 2 survivors (2048K)
 Metaspace       used 110120K, committed 111424K, reserved 557056K
  class space    used 15278K, committed 15872K, reserved 425984K
}
Event: 507.118 GC heap before
{Heap before GC invocations=82 (full 0):
 garbage-first heap   total 272384K, used 237981K [0x0000000080000000, 0x0000000100000000)
  region size 1024K, 16 young (16384K), 2 survivors (2048K)
 Metaspace       used 110178K, committed 111488K, reserved 557056K
  class space    used 15278K, committed 15872K, reserved 425984K
}
Event: 507.126 GC heap after
{Heap after GC invocations=83 (full 0):
 garbage-first heap   total 272384K, used 225600K [0x0000000080000000, 0x0000000100000000)
  region size 1024K, 2 young (2048K), 2 survivors (2048K)
 Metaspace       used 110178K, committed 111488K, reserved 557056K
  class space    used 15278K, committed 15872K, reserved 425984K
}
Event: 507.606 GC heap before
{Heap before GC invocations=83 (full 0):
 garbage-first heap   total 272384K, used 237888K [0x0000000080000000, 0x0000000100000000)
  region size 1024K, 14 young (14336K), 2 survivors (2048K)
 Metaspace       used 110269K, committed 111552K, reserved 557056K
  class space    used 15278K, committed 15872K, reserved 425984K
}
Event: 507.614 GC heap after
{Heap after GC invocations=84 (full 0):
 garbage-first heap   total 272384K, used 226232K [0x0000000080000000, 0x0000000100000000)
  region size 1024K, 1 young (1024K), 1 survivors (1024K)
 Metaspace       used 110269K, committed 111552K, reserved 557056K
  class space    used 15278K, committed 15872K, reserved 425984K
}
Event: 508.107 GC heap before
{Heap before GC invocations=84 (full 0):
 garbage-first heap   total 272384K, used 239544K [0x0000000080000000, 0x0000000100000000)
  region size 1024K, 14 young (14336K), 1 survivors (1024K)
 Metaspace       used 110407K, committed 111744K, reserved 557056K
  class space    used 15305K, committed 15936K, reserved 425984K
}
Event: 508.113 GC heap after
{Heap after GC invocations=85 (full 0):
 garbage-first heap   total 272384K, used 226703K [0x0000000080000000, 0x0000000100000000)
  region size 1024K, 2 young (2048K), 2 survivors (2048K)
 Metaspace       used 110407K, committed 111744K, reserved 557056K
  class space    used 15305K, committed 15936K, reserved 425984K
}
Event: 508.535 GC heap before
{Heap before GC invocations=85 (full 0):
 garbage-first heap   total 272384K, used 237967K [0x0000000080000000, 0x0000000100000000)
  region size 1024K, 14 young (14336K), 2 survivors (2048K)
 Metaspace       used 110494K, committed 111808K, reserved 557056K
  class space    used 15323K, committed 15936K, reserved 425984K
}
Event: 508.544 GC heap after
{Heap after GC invocations=86 (full 0):
 garbage-first heap   total 272384K, used 228234K [0x0000000080000000, 0x0000000100000000)
  region size 1024K, 2 young (2048K), 2 survivors (2048K)
 Metaspace       used 110494K, committed 111808K, reserved 557056K
  class space    used 15323K, committed 15936K, reserved 425984K
}
Event: 508.824 GC heap before
{Heap before GC invocations=86 (full 0):
 garbage-first heap   total 272384K, used 239498K [0x0000000080000000, 0x0000000100000000)
  region size 1024K, 14 young (14336K), 2 survivors (2048K)
 Metaspace       used 110531K, committed 111872K, reserved 557056K
  class space    used 15327K, committed 15936K, reserved 425984K
}
Event: 508.840 GC heap after
{Heap after GC invocations=87 (full 0):
 garbage-first heap   total 272384K, used 230153K [0x0000000080000000, 0x0000000100000000)
  region size 1024K, 2 young (2048K), 2 survivors (2048K)
 Metaspace       used 110531K, committed 111872K, reserved 557056K
  class space    used 15327K, committed 15936K, reserved 425984K
}
Event: 509.085 GC heap before
{Heap before GC invocations=87 (full 0):
 garbage-first heap   total 272384K, used 240393K [0x0000000080000000, 0x0000000100000000)
  region size 1024K, 13 young (13312K), 2 survivors (2048K)
 Metaspace       used 110569K, committed 111872K, reserved 557056K
  class space    used 15327K, committed 15936K, reserved 425984K
}
Event: 509.095 GC heap after
{Heap after GC invocations=88 (full 0):
 garbage-first heap   total 272384K, used 232843K [0x0000000080000000, 0x0000000100000000)
  region size 1024K, 2 young (2048K), 2 survivors (2048K)
 Metaspace       used 110569K, committed 111872K, reserved 557056K
  class space    used 15327K, committed 15936K, reserved 425984K
}
Event: 509.434 GC heap before
{Heap before GC invocations=88 (full 0):
 garbage-first heap   total 272384K, used 243083K [0x0000000080000000, 0x0000000100000000)
  region size 1024K, 13 young (13312K), 2 survivors (2048K)
 Metaspace       used 110570K, committed 111872K, reserved 557056K
  class space    used 15327K, committed 15936K, reserved 425984K
}
Event: 509.450 GC heap after
{Heap after GC invocations=89 (full 0):
 garbage-first heap   total 272384K, used 234241K [0x0000000080000000, 0x0000000100000000)
  region size 1024K, 2 young (2048K), 2 survivors (2048K)
 Metaspace       used 110570K, committed 111872K, reserved 557056K
  class space    used 15327K, committed 15936K, reserved 425984K
}
Event: 509.708 GC heap before
{Heap before GC invocations=89 (full 0):
 garbage-first heap   total 272384K, used 244481K [0x0000000080000000, 0x0000000100000000)
  region size 1024K, 13 young (13312K), 2 survivors (2048K)
 Metaspace       used 110570K, committed 111872K, reserved 557056K
  class space    used 15327K, committed 15936K, reserved 425984K
}
Event: 509.719 GC heap after
{Heap after GC invocations=90 (full 0):
 garbage-first heap   total 342016K, used 235112K [0x0000000080000000, 0x0000000100000000)
  region size 1024K, 2 young (2048K), 2 survivors (2048K)
 Metaspace       used 110570K, committed 111872K, reserved 557056K
  class space    used 15327K, committed 15936K, reserved 425984K
}

