# JRE version: OpenJDK Runtime Environment Microsoft-8035246 (17.0.8+7) (build 17.0.8+7-LTS)
# Java VM: OpenJDK 64-Bit Server VM Microsoft-8035246 (17.0.8+7-LTS, mixed mode, sharing, tiered, compressed oops, compressed class ptrs, g1 gc, windows-amd64)
GC Precious Log:
 CPUs: 4 total, 4 available
 Memory: 8107M
 Large Page Support: Disabled
 NUMA Support: Disabled
 Compressed Oops: Enabled (32-bit)
 Heap Region Size: 1M
 Heap Min Capacity: 8M
 Heap Initial Capacity: 128M
 Heap Max Capacity: 2G
 Pre-touch: Disabled
 Parallel Workers: 4
 Concurrent Workers: 1
 Concurrent Refinement Workers: 4
 Periodic GC: Disabled
Heap:
 garbage-first heap   total 325632K, used 228332K [0x0000000080000000, 0x0000000100000000)
  region size 1024K, 10 young (10240K), 6 survivors (6144K)
 Metaspace       used 104805K, committed 106112K, reserved 557056K
  class space    used 14649K, committed 15296K, reserved 425984K
GC Heap History (20 events):
Event: 63.815 GC heap before
{Heap before GC invocations=41 (full 0):
 garbage-first heap   total 325632K, used 251573K [0x0000000080000000, 0x0000000100000000)
  region size 1024K, 153 young (156672K), 15 survivors (15360K)
 Metaspace       used 89398K, committed 90368K, reserved 557056K
  class space    used 12643K, committed 13056K, reserved 425984K
}
Event: 63.863 GC heap after
{Heap after GC invocations=42 (full 0):
 garbage-first heap   total 325632K, used 135793K [0x0000000080000000, 0x0000000100000000)
  region size 1024K, 20 young (20480K), 20 survivors (20480K)
 Metaspace       used 89398K, committed 90368K, reserved 557056K
  class space    used 12643K, committed 13056K, reserved 425984K
}
Event: 72.270 GC heap before
{Heap before GC invocations=42 (full 0):
 garbage-first heap   total 325632K, used 246385K [0x0000000080000000, 0x0000000100000000)
  region size 1024K, 128 young (131072K), 20 survivors (20480K)
 Metaspace       used 95139K, committed 96192K, reserved 557056K
  class space    used 13447K, committed 13952K, reserved 425984K
}
Event: 72.303 GC heap after
{Heap after GC invocations=43 (full 0):
 garbage-first heap   total 325632K, used 144384K [0x0000000080000000, 0x0000000100000000)
  region size 1024K, 8 young (8192K), 8 survivors (8192K)
 Metaspace       used 95139K, committed 96192K, reserved 557056K
  class space    used 13447K, committed 13952K, reserved 425984K
}
Event: 74.604 GC heap before
{Heap before GC invocations=43 (full 0):
 garbage-first heap   total 325632K, used 254976K [0x0000000080000000, 0x0000000100000000)
  region size 1024K, 115 young (117760K), 8 survivors (8192K)
 Metaspace       used 95751K, committed 96832K, reserved 557056K
  class space    used 13509K, committed 14080K, reserved 425984K
}
Event: 74.643 GC heap after
{Heap after GC invocations=44 (full 0):
 garbage-first heap   total 325632K, used 162816K [0x0000000080000000, 0x0000000100000000)
  region size 1024K, 15 young (15360K), 15 survivors (15360K)
 Metaspace       used 95751K, committed 96832K, reserved 557056K
  class space    used 13509K, committed 14080K, reserved 425984K
}
Event: 77.080 GC heap before
{Heap before GC invocations=44 (full 0):
 garbage-first heap   total 325632K, used 256000K [0x0000000080000000, 0x0000000100000000)
  region size 1024K, 104 young (106496K), 15 survivors (15360K)
 Metaspace       used 98189K, committed 99392K, reserved 557056K
  class space    used 13788K, committed 14336K, reserved 425984K
}
Event: 77.134 GC heap after
{Heap after GC invocations=45 (full 0):
 garbage-first heap   total 325632K, used 186368K [0x0000000080000000, 0x0000000100000000)
  region size 1024K, 13 young (13312K), 13 survivors (13312K)
 Metaspace       used 98189K, committed 99392K, reserved 557056K
  class space    used 13788K, committed 14336K, reserved 425984K
}
Event: 79.166 GC heap before
{Heap before GC invocations=45 (full 0):
 garbage-first heap   total 325632K, used 257024K [0x0000000080000000, 0x0000000100000000)
  region size 1024K, 82 young (83968K), 13 survivors (13312K)
 Metaspace       used 102456K, committed 103680K, reserved 557056K
  class space    used 14397K, committed 14976K, reserved 425984K
}
Event: 79.201 GC heap after
{Heap after GC invocations=46 (full 0):
 garbage-first heap   total 325632K, used 194048K [0x0000000080000000, 0x0000000100000000)
  region size 1024K, 7 young (7168K), 7 survivors (7168K)
 Metaspace       used 102456K, committed 103680K, reserved 557056K
  class space    used 14397K, committed 14976K, reserved 425984K
}
Event: 81.509 GC heap before
{Heap before GC invocations=46 (full 0):
 garbage-first heap   total 325632K, used 261632K [0x0000000080000000, 0x0000000100000000)
  region size 1024K, 73 young (74752K), 7 survivors (7168K)
 Metaspace       used 103314K, committed 104640K, reserved 557056K
  class space    used 14466K, committed 15104K, reserved 425984K
}
Event: 81.546 GC heap after
{Heap after GC invocations=47 (full 0):
 garbage-first heap   total 325632K, used 203264K [0x0000000080000000, 0x0000000100000000)
  region size 1024K, 9 young (9216K), 9 survivors (9216K)
 Metaspace       used 103314K, committed 104640K, reserved 557056K
  class space    used 14466K, committed 15104K, reserved 425984K
}
Event: 83.014 GC heap before
{Heap before GC invocations=47 (full 0):
 garbage-first heap   total 325632K, used 265728K [0x0000000080000000, 0x0000000100000000)
  region size 1024K, 70 young (71680K), 9 survivors (9216K)
 Metaspace       used 104163K, committed 105408K, reserved 557056K
  class space    used 14592K, committed 15168K, reserved 425984K
}
Event: 83.044 GC heap after
{Heap after GC invocations=48 (full 0):
 garbage-first heap   total 325632K, used 211717K [0x0000000080000000, 0x0000000100000000)
  region size 1024K, 8 young (8192K), 8 survivors (8192K)
 Metaspace       used 104163K, committed 105408K, reserved 557056K
  class space    used 14592K, committed 15168K, reserved 425984K
}
Event: 84.149 GC heap before
{Heap before GC invocations=48 (full 0):
 garbage-first heap   total 325632K, used 268037K [0x0000000080000000, 0x0000000100000000)
  region size 1024K, 64 young (65536K), 8 survivors (8192K)
 Metaspace       used 104683K, committed 105984K, reserved 557056K
  class space    used 14644K, committed 15232K, reserved 425984K
}
Event: 84.176 GC heap after
{Heap after GC invocations=49 (full 0):
 garbage-first heap   total 325632K, used 216480K [0x0000000080000000, 0x0000000100000000)
  region size 1024K, 5 young (5120K), 5 survivors (5120K)
 Metaspace       used 104683K, committed 105984K, reserved 557056K
  class space    used 14644K, committed 15232K, reserved 425984K
}
Event: 84.933 GC heap before
{Heap before GC invocations=49 (full 0):
 garbage-first heap   total 325632K, used 270752K [0x0000000080000000, 0x0000000100000000)
  region size 1024K, 59 young (60416K), 5 survivors (5120K)
 Metaspace       used 104742K, committed 106112K, reserved 557056K
  class space    used 14649K, committed 15296K, reserved 425984K
}
Event: 84.951 GC heap after
{Heap after GC invocations=50 (full 0):
 garbage-first heap   total 325632K, used 222337K [0x0000000080000000, 0x0000000100000000)
  region size 1024K, 7 young (7168K), 7 survivors (7168K)
 Metaspace       used 104742K, committed 106112K, reserved 557056K
  class space    used 14649K, committed 15296K, reserved 425984K
}
Event: 86.565 GC heap before
{Heap before GC invocations=50 (full 0):
 garbage-first heap   total 325632K, used 276609K [0x0000000080000000, 0x0000000100000000)
  region size 1024K, 57 young (58368K), 7 survivors (7168K)
 Metaspace       used 104799K, committed 106112K, reserved 557056K
  class space    used 14649K, committed 15296K, reserved 425984K
}
Event: 86.576 GC heap after
{Heap after GC invocations=51 (full 0):
 garbage-first heap   total 325632K, used 225260K [0x0000000080000000, 0x0000000100000000)
  region size 1024K, 6 young (6144K), 6 survivors (6144K)
 Metaspace       used 104799K, committed 106112K, reserved 557056K
  class space    used 14649K, committed 15296K, reserved 425984K
}

